2023.07.24 11:59:00 INFO  Started: Metals version 1.0.0 in folders '/Users/ravija/Desktop/2nd Year Semester I/Functional Programming/Scala/Tutorial 06' for client Visual Studio Code 1.80.1.
Jul 24, 2023 11:59:00 AM org.flywaydb.core.internal.license.VersionPrinter printVersionOnly
INFO: Flyway Community Edition 9.20.1 by Redgate
Jul 24, 2023 11:59:00 AM org.flywaydb.core.internal.license.VersionPrinter printVersion
INFO: See release notes here: https://rd.gt/416ObMi
Jul 24, 2023 11:59:00 AM org.flywaydb.core.internal.license.VersionPrinter printVersion
INFO: 
Jul 24, 2023 11:59:01 AM org.flywaydb.core.internal.database.base.BaseDatabaseType createDatabase
INFO: Database: jdbc:h2:file:/Users/ravija/Desktop/2nd Year Semester I/Functional Programming/Scala/Tutorial 06/.metals/metals (H2 2.1)
Jul 24, 2023 11:59:01 AM org.flywaydb.core.internal.schemahistory.JdbcTableSchemaHistory allAppliedMigrations
INFO: Schema history table "PUBLIC"."flyway_schema_history" does not exist yet
Jul 24, 2023 11:59:01 AM org.flywaydb.core.internal.command.DbValidate validate
INFO: Successfully validated 4 migrations (execution time 00:00.019s)
Jul 24, 2023 11:59:01 AM org.flywaydb.core.internal.schemahistory.JdbcTableSchemaHistory create
INFO: Creating Schema History table "PUBLIC"."flyway_schema_history" ...
Jul 24, 2023 11:59:01 AM org.flywaydb.core.internal.command.DbMigrate migrateGroup
INFO: Current version of schema "PUBLIC": << Empty Schema >>
Jul 24, 2023 11:59:01 AM org.flywaydb.core.internal.command.DbMigrate doMigrateGroup
INFO: Migrating schema "PUBLIC" to version "1 - Create tables"
Jul 24, 2023 11:59:01 AM org.flywaydb.core.internal.command.DbMigrate doMigrateGroup
INFO: Migrating schema "PUBLIC" to version "2 - Server discovery"
Jul 24, 2023 11:59:01 AM org.flywaydb.core.internal.command.DbMigrate doMigrateGroup
INFO: Migrating schema "PUBLIC" to version "3 - Jar symbols"
Jul 24, 2023 11:59:01 AM org.flywaydb.core.internal.command.DbMigrate doMigrateGroup
INFO: Migrating schema "PUBLIC" to version "4 - Fingerprints"
Jul 24, 2023 11:59:01 AM org.flywaydb.core.internal.command.DbMigrate logSummary
INFO: Successfully applied 4 migrations to schema "PUBLIC", now at version v4 (execution time 00:00.060s)
2023.07.24 11:59:01 INFO  time: initialize in 1.05s
2023.07.24 11:59:08 INFO  Running List(/Users/ravija/Library/Application Support/Coursier/bin/scala-cli, setup-ide, /Users/ravija/Desktop/2nd Year Semester I/Functional Programming/Scala/Tutorial 06)
2023.07.24 11:59:08 INFO  Attempting to connect to the build server...
2023.07.24 11:59:08 INFO  Running BSP server List(/Users/ravija/Library/Application Support/Coursier/bin/.scala-cli.aux, bsp, --json-options, /Users/ravija/Desktop/2nd Year Semester I/Functional Programming/Scala/Tutorial 06/.scala-build/ide-options-v2.json, /Users/ravija/Desktop/2nd Year Semester I/Functional Programming/Scala/Tutorial 06)
2023.07.24 11:59:08 WARN  No build session currently active to reload.
2023.07.24 11:59:08 INFO  tracing is disabled for protocol BSP, to enable tracing of incoming and outgoing JSON messages create an empty file at /Users/ravija/Desktop/2nd Year Semester I/Functional Programming/Scala/Tutorial 06/.metals/bsp.trace.json or /Users/ravija/Library/Caches/org.scalameta.metals/bsp.trace.json
2023.07.24 11:59:09 INFO  BSP server: Starting compilation server
2023.07.24 11:59:09 INFO  BSP server: Downloading https://repo1.maven.org/maven2/org/scala-lang/scala-compiler/2.12.17/scala-compiler-2.12.17.jar
2023.07.24 11:59:17 INFO  BSP server: Still downloading:
2023.07.24 11:59:17 INFO  BSP server: https://repo1.maven.org/maven2/org/scala-lang/scala-compiler/2.12.17/scala-compiler-2.12.17.jar (91.80 %, 10065990 / 10965369)
2023.07.24 11:59:17 INFO  BSP server: 
2023.07.24 11:59:17 INFO  no build target found for /Users/ravija/Desktop/2nd Year Semester I/Functional Programming/Scala/Tutorial 06/Q01.scala. Using presentation compiler with project's scala-library version: 3.3.0
Jul 24, 2023 11:59:18 AM org.eclipse.lsp4j.jsonrpc.RemoteEndpoint handleCancellation
WARNING: Unmatched cancel notification for request id 9
Jul 24, 2023 11:59:18 AM org.eclipse.lsp4j.jsonrpc.RemoteEndpoint handleCancellation
WARNING: Unmatched cancel notification for request id 10
Jul 24, 2023 11:59:18 AM org.eclipse.lsp4j.jsonrpc.RemoteEndpoint handleCancellation
WARNING: Unmatched cancel notification for request id 13
2023.07.24 11:59:18 INFO  BSP server: Downloaded https://repo1.maven.org/maven2/org/scala-lang/scala-compiler/2.12.17/scala-compiler-2.12.17.jar
2023.07.24 11:59:18 WARN  no build target for: /Users/ravija/Desktop/2nd Year Semester I/Functional Programming/Scala/Tutorial 06/Q01.scala
2023.07.24 11:59:19 INFO  time: code lens generation in 12s
2023.07.24 11:59:19 INFO  time: code lens generation in 1.57s
2023.07.24 11:59:19 INFO  time: code lens generation in 1.48s
2023.07.24 11:59:19 INFO  time: code lens generation in 1.75s
2023.07.24 11:59:22 INFO  BSP server: Checking https://repo1.maven.org/maven2/org/scala-lang/scala-library/
2023.07.24 11:59:22 INFO  BSP server: Checked https://repo1.maven.org/maven2/org/scala-lang/scala-library/
2023.07.24 11:59:22 INFO  BSP server: Checking https://repo1.maven.org/maven2/org/scala-lang/scala-library/maven-metadata.xml
2023.07.24 11:59:22 INFO  BSP server: Checked https://repo1.maven.org/maven2/org/scala-lang/scala-library/maven-metadata.xml
2023.07.24 11:59:22 WARN  no build target for: /Users/ravija/Desktop/2nd Year Semester I/Functional Programming/Scala/Tutorial 06/Q01.scala
2023.07.24 11:59:22 INFO  BSP server: Checking https://repo1.maven.org/maven2/org/scala-lang/scala3-library_3/
2023.07.24 11:59:22 INFO  BSP server: Checked https://repo1.maven.org/maven2/org/scala-lang/scala3-library_3/
2023.07.24 11:59:22 INFO  BSP server: Downloading https://repo1.maven.org/maven2/org/scala-lang/scala3-library_3/
2023.07.24 11:59:23 WARN  no build target for: /Users/ravija/Desktop/2nd Year Semester I/Functional Programming/Scala/Tutorial 06/Q01.scala
2023.07.24 11:59:25 INFO  BSP server: Downloaded https://repo1.maven.org/maven2/org/scala-lang/scala3-library_3/
2023.07.24 11:59:25 WARN  no build target for: /Users/ravija/Desktop/2nd Year Semester I/Functional Programming/Scala/Tutorial 06/Q01.scala
2023.07.24 11:59:25 INFO  BSP server: Checking https://repo1.maven.org/maven2/org/scala-lang/scala3-library_3/maven-metadata.xml
2023.07.24 11:59:25 INFO  BSP server: Checked https://repo1.maven.org/maven2/org/scala-lang/scala3-library_3/maven-metadata.xml
2023.07.24 11:59:25 INFO  BSP server: Downloading https://repo1.maven.org/maven2/org/scala-lang/scala3-library_3/maven-metadata.xml
2023.07.24 11:59:25 INFO  BSP server: Downloaded https://repo1.maven.org/maven2/org/scala-lang/scala3-library_3/maven-metadata.xml
2023.07.24 11:59:25 INFO  BSP server: Downloading https://repo1.maven.org/maven2/com/sourcegraph/semanticdb-javac/0.7.4/semanticdb-javac-0.7.4.pom
2023.07.24 11:59:25 INFO  BSP server: Downloaded https://repo1.maven.org/maven2/com/sourcegraph/semanticdb-javac/0.7.4/semanticdb-javac-0.7.4.pom
2023.07.24 11:59:25 INFO  BSP server: Downloading https://repo1.maven.org/maven2/com/sourcegraph/semanticdb-javac/0.7.4/semanticdb-javac-0.7.4.jar
2023.07.24 11:59:29 ERROR Timeout waiting for 'build/initialize' response
2023.07.24 11:59:29 WARN  Retrying connection to the build server scala-cli
2023.07.24 11:59:29 INFO  Running BSP server List(/Users/ravija/Library/Application Support/Coursier/bin/.scala-cli.aux, bsp, --json-options, /Users/ravija/Desktop/2nd Year Semester I/Functional Programming/Scala/Tutorial 06/.scala-build/ide-options-v2.json, /Users/ravija/Desktop/2nd Year Semester I/Functional Programming/Scala/Tutorial 06)
2023.07.24 11:59:29 INFO  tracing is disabled for protocol BSP, to enable tracing of incoming and outgoing JSON messages create an empty file at /Users/ravija/Desktop/2nd Year Semester I/Functional Programming/Scala/Tutorial 06/.metals/bsp.trace.json or /Users/ravija/Library/Caches/org.scalameta.metals/bsp.trace.json
2023.07.24 11:59:29 INFO  BSP server: Downloading https://repo1.maven.org/maven2/com/sourcegraph/semanticdb-javac/0.7.4/semanticdb-javac-0.7.4.jar
2023.07.24 11:59:31 WARN  no build target for: /Users/ravija/Desktop/2nd Year Semester I/Functional Programming/Scala/Tutorial 06/Q01.scala
2023.07.24 11:59:31 INFO  BSP server: Downloaded https://repo1.maven.org/maven2/com/sourcegraph/semanticdb-javac/0.7.4/semanticdb-javac-0.7.4.jar
2023.07.24 11:59:31 INFO  time: Connected to build server in 22s
2023.07.24 11:59:31 INFO  Connected to Build server: scala-cli v1.0.1
2023.07.24 11:59:32 INFO  compiling project_bd2c96d2de (1 scala source)
2023.07.24 11:59:37 INFO  time: Imported build in 5.88s
2023.07.24 11:59:37 INFO  compiling project_bd2c96d2de (1 scala source)
2023.07.24 11:59:37 INFO  time: compiled project_bd2c96d2de in 0.37s
2023.07.24 11:59:43 INFO  time: indexed workspace in 5.91s
2023.07.24 11:59:43 INFO  compiling project_bd2c96d2de (1 scala source)
2023.07.24 11:59:48 INFO  time: compiled project_bd2c96d2de in 5.19s
2023.07.24 11:59:48 INFO  compiling project_bd2c96d2de (1 scala source)
2023.07.24 11:59:48 INFO  time: compiled project_bd2c96d2de in 0.12s
Jul 24, 2023 11:59:49 AM org.eclipse.lsp4j.jsonrpc.RemoteEndpoint handleCancellation
WARNING: Unmatched cancel notification for request id 84
Jul 24, 2023 11:59:49 AM org.eclipse.lsp4j.jsonrpc.RemoteEndpoint handleCancellation
WARNING: Unmatched cancel notification for request id 87
Jul 24, 2023 11:59:49 AM org.eclipse.lsp4j.jsonrpc.RemoteEndpoint handleCancellation
WARNING: Unmatched cancel notification for request id 82
2023.07.24 11:59:48 INFO  compiling project_bd2c96d2de (1 scala source)
Jul 24, 2023 11:59:49 AM org.eclipse.lsp4j.jsonrpc.RemoteEndpoint handleCancellation
WARNING: Unmatched cancel notification for request id 88
Jul 24, 2023 11:59:49 AM org.eclipse.lsp4j.jsonrpc.RemoteEndpoint handleCancellation
WARNING: Unmatched cancel notification for request id 86
Jul 24, 2023 11:59:49 AM org.eclipse.lsp4j.jsonrpc.RemoteEndpoint handleCancellation
WARNING: Unmatched cancel notification for request id 92
Jul 24, 2023 11:59:49 AM org.eclipse.lsp4j.jsonrpc.RemoteEndpoint handleCancellation
WARNING: Unmatched cancel notification for request id 93
Jul 24, 2023 11:59:49 AM org.eclipse.lsp4j.jsonrpc.RemoteEndpoint handleCancellation
WARNING: Unmatched cancel notification for request id 94
Jul 24, 2023 11:59:49 AM org.eclipse.lsp4j.jsonrpc.RemoteEndpoint handleCancellation
WARNING: Unmatched cancel notification for request id 95
Jul 24, 2023 11:59:49 AM org.eclipse.lsp4j.jsonrpc.RemoteEndpoint handleCancellation
WARNING: Unmatched cancel notification for request id 100
Jul 24, 2023 11:59:49 AM org.eclipse.lsp4j.jsonrpc.RemoteEndpoint handleCancellation
WARNING: Unmatched cancel notification for request id 101
Jul 24, 2023 11:59:49 AM org.eclipse.lsp4j.jsonrpc.RemoteEndpoint handleCancellation
WARNING: Unmatched cancel notification for request id 102
Jul 24, 2023 11:59:49 AM org.eclipse.lsp4j.jsonrpc.RemoteEndpoint handleCancellation
WARNING: Unmatched cancel notification for request id 103
Jul 24, 2023 11:59:49 AM org.eclipse.lsp4j.jsonrpc.RemoteEndpoint handleCancellation
WARNING: Unmatched cancel notification for request id 106
Jul 24, 2023 11:59:49 AM org.eclipse.lsp4j.jsonrpc.RemoteEndpoint handleCancellation
WARNING: Unmatched cancel notification for request id 108
2023.07.24 11:59:50 INFO  time: compiled project_bd2c96d2de in 0.84s
2023.07.24 11:59:50 INFO  compiling project_bd2c96d2de (1 scala source)
2023.07.24 11:59:50 INFO  time: compiled project_bd2c96d2de in 0.2s
2023.07.24 11:59:52 INFO  compiling project_bd2c96d2de (1 scala source)
2023.07.24 11:59:52 INFO  time: compiled project_bd2c96d2de in 0.66s
2023.07.24 11:59:57 INFO  compiling project_bd2c96d2de (1 scala source)
2023.07.24 11:59:57 INFO  time: compiled project_bd2c96d2de in 0.81s
2023.07.24 11:59:58 INFO  compiling project_bd2c96d2de (1 scala source)
2023.07.24 12:00:00 INFO  time: compiled project_bd2c96d2de in 1.85s
2023.07.24 12:02:18 INFO  compiling project_bd2c96d2de (1 scala source)
2023.07.24 12:02:18 INFO  time: compiled project_bd2c96d2de in 0.54s
2023.07.24 12:02:18 INFO  compiling project_bd2c96d2de (1 scala source)
2023.07.24 12:02:18 INFO  time: compiled project_bd2c96d2de in 0.16s
2023.07.24 12:02:20 INFO  compiling project_bd2c96d2de (1 scala source)
2023.07.24 12:02:20 INFO  time: compiled project_bd2c96d2de in 0.8s
2023.07.24 12:02:26 INFO  compiling project_bd2c96d2de (1 scala source)
2023.07.24 12:02:26 INFO  time: compiled project_bd2c96d2de in 0.52s
2023.07.24 12:02:32 INFO  compiling project_bd2c96d2de (1 scala source)
2023.07.24 12:02:32 INFO  time: compiled project_bd2c96d2de in 0.61s
2023.07.24 12:02:36 INFO  compiling project_bd2c96d2de (1 scala source)
2023.07.24 12:02:39 INFO  time: compiled project_bd2c96d2de in 2.6s
2023.07.24 12:02:39 INFO  compiling project_bd2c96d2de (1 scala source)
2023.07.24 12:02:41 INFO  time: compiled project_bd2c96d2de in 1.93s
2023.07.24 12:02:41 INFO  compiling project_bd2c96d2de (1 scala source)
2023.07.24 12:02:41 INFO  time: compiled project_bd2c96d2de in 0.3s
2023.07.24 12:07:42 INFO  compiling project_bd2c96d2de (1 scala source)
2023.07.24 12:07:44 INFO  time: compiled project_bd2c96d2de in 1.53s
2023.07.24 12:07:45 INFO  compiling project_bd2c96d2de (1 scala source)
2023.07.24 12:07:45 INFO  time: compiled project_bd2c96d2de in 0.76s
2023.07.24 12:07:48 INFO  compiling project_bd2c96d2de (1 scala source)
2023.07.24 12:07:48 INFO  time: compiled project_bd2c96d2de in 0.59s
2023.07.24 12:07:58 INFO  compiling project_bd2c96d2de (1 scala source)
2023.07.24 12:07:59 INFO  time: compiled project_bd2c96d2de in 1.65s
2023.07.24 12:07:59 INFO  compiling project_bd2c96d2de (1 scala source)
2023.07.24 12:08:00 INFO  time: compiled project_bd2c96d2de in 0.61s
2023.07.24 12:08:02 INFO  compiling project_bd2c96d2de (1 scala source)
2023.07.24 12:08:03 INFO  time: compiled project_bd2c96d2de in 1.59s
2023.07.24 12:08:03 INFO  compiling project_bd2c96d2de (1 scala source)
2023.07.24 12:08:03 INFO  time: compiled project_bd2c96d2de in 0.69s
2023.07.24 12:08:05 INFO  compiling project_bd2c96d2de (1 scala source)
2023.07.24 12:08:05 INFO  time: compiled project_bd2c96d2de in 0.4s
2023.07.24 12:08:09 INFO  compiling project_bd2c96d2de (1 scala source)
2023.07.24 12:08:09 INFO  time: compiled project_bd2c96d2de in 0.57s
2023.07.24 12:12:53 INFO  compiling project_bd2c96d2de (1 scala source)
2023.07.24 12:12:55 INFO  time: compiled project_bd2c96d2de in 1.33s
2023.07.24 12:12:55 INFO  compiling project_bd2c96d2de (1 scala source)
2023.07.24 12:12:55 INFO  time: compiled project_bd2c96d2de in 0.18s
2023.07.24 12:12:57 INFO  compiling project_bd2c96d2de (1 scala source)
2023.07.24 12:12:57 INFO  time: compiled project_bd2c96d2de in 0.45s
2023.07.24 12:13:14 INFO  compiling project_bd2c96d2de (1 scala source)
2023.07.24 12:13:16 INFO  time: compiled project_bd2c96d2de in 2.06s
2023.07.24 12:13:16 INFO  compiling project_bd2c96d2de (1 scala source)
2023.07.24 12:13:17 INFO  time: compiled project_bd2c96d2de in 0.83s
2023.07.24 12:13:17 INFO  compiling project_bd2c96d2de (1 scala source)
2023.07.24 12:13:17 INFO  time: compiled project_bd2c96d2de in 0.53s
2023.07.24 12:13:20 INFO  file:///Users/ravija/Desktop/2nd%20Year%20Semester%20I/Functional%20Programming/Scala/Tutorial%2006/Q01.scala:5:20: stale bloop error: expression expected but '}' found
    var plaintext = 
                   ^
2023.07.24 12:13:20 INFO  file:///Users/ravija/Desktop/2nd%20Year%20Semester%20I/Functional%20Programming/Scala/Tutorial%2006/Q01.scala:4:5: stale bloop error: missing argument for parameter x of method print in object Predef: (x: Any): Unit
    print()
    ^^^^^^^
2023.07.24 12:13:20 INFO  file:///Users/ravija/Desktop/2nd%20Year%20Semester%20I/Functional%20Programming/Scala/Tutorial%2006/Q01.scala:5:20: stale bloop error: expression expected but '}' found
    var plaintext = 
                   ^
2023.07.24 12:13:20 INFO  file:///Users/ravija/Desktop/2nd%20Year%20Semester%20I/Functional%20Programming/Scala/Tutorial%2006/Q01.scala:4:5: stale bloop error: missing argument for parameter x of method print in object Predef: (x: Any): Unit
    print()
    ^^^^^^^
2023.07.24 12:13:20 INFO  file:///Users/ravija/Desktop/2nd%20Year%20Semester%20I/Functional%20Programming/Scala/Tutorial%2006/Q01.scala:5:20: stale bloop error: expression expected but '}' found
    var plaintext = 
                   ^
2023.07.24 12:13:20 INFO  file:///Users/ravija/Desktop/2nd%20Year%20Semester%20I/Functional%20Programming/Scala/Tutorial%2006/Q01.scala:4:5: stale bloop error: missing argument for parameter x of method print in object Predef: (x: Any): Unit
    print()
    ^^^^^^^
2023.07.24 12:13:21 INFO  file:///Users/ravija/Desktop/2nd%20Year%20Semester%20I/Functional%20Programming/Scala/Tutorial%2006/Q01.scala:5:20: stale bloop error: expression expected but '}' found
    var plaintext = 
                   ^
2023.07.24 12:13:21 INFO  file:///Users/ravija/Desktop/2nd%20Year%20Semester%20I/Functional%20Programming/Scala/Tutorial%2006/Q01.scala:4:5: stale bloop error: missing argument for parameter x of method print in object Predef: (x: Any): Unit
    print()
    ^^^^^^^
2023.07.24 12:13:21 INFO  file:///Users/ravija/Desktop/2nd%20Year%20Semester%20I/Functional%20Programming/Scala/Tutorial%2006/Q01.scala:5:20: stale bloop error: expression expected but '}' found
    var plaintext = 
                   ^
2023.07.24 12:13:21 INFO  file:///Users/ravija/Desktop/2nd%20Year%20Semester%20I/Functional%20Programming/Scala/Tutorial%2006/Q01.scala:4:5: stale bloop error: missing argument for parameter x of method print in object Predef: (x: Any): Unit
    print()
    ^^^^^^^
2023.07.24 12:13:21 INFO  file:///Users/ravija/Desktop/2nd%20Year%20Semester%20I/Functional%20Programming/Scala/Tutorial%2006/Q01.scala:5:20: stale bloop error: expression expected but '}' found
    var plaintext = 
                   ^
2023.07.24 12:13:21 INFO  file:///Users/ravija/Desktop/2nd%20Year%20Semester%20I/Functional%20Programming/Scala/Tutorial%2006/Q01.scala:4:5: stale bloop error: missing argument for parameter x of method print in object Predef: (x: Any): Unit
    print()
    ^^^^^^^
2023.07.24 12:13:23 INFO  file:///Users/ravija/Desktop/2nd%20Year%20Semester%20I/Functional%20Programming/Scala/Tutorial%2006/Q01.scala:5:20: stale bloop error: expression expected but '}' found
    var plaintext = 
                   ^
2023.07.24 12:13:23 INFO  file:///Users/ravija/Desktop/2nd%20Year%20Semester%20I/Functional%20Programming/Scala/Tutorial%2006/Q01.scala:4:5: stale bloop error: missing argument for parameter x of method print in object Predef: (x: Any): Unit
    print()
    ^^^^^^^
2023.07.24 12:13:23 INFO  file:///Users/ravija/Desktop/2nd%20Year%20Semester%20I/Functional%20Programming/Scala/Tutorial%2006/Q01.scala:5:20: stale bloop error: expression expected but '}' found
    var plaintext = 
                   ^
2023.07.24 12:13:23 INFO  file:///Users/ravija/Desktop/2nd%20Year%20Semester%20I/Functional%20Programming/Scala/Tutorial%2006/Q01.scala:4:5: stale bloop error: missing argument for parameter x of method print in object Predef: (x: Any): Unit
    print()
    ^^^^^^^
2023.07.24 12:13:23 INFO  file:///Users/ravija/Desktop/2nd%20Year%20Semester%20I/Functional%20Programming/Scala/Tutorial%2006/Q01.scala:5:20: stale bloop error: expression expected but '}' found
    var plaintext = 
                   ^
2023.07.24 12:13:23 INFO  file:///Users/ravija/Desktop/2nd%20Year%20Semester%20I/Functional%20Programming/Scala/Tutorial%2006/Q01.scala:4:5: stale bloop error: missing argument for parameter x of method print in object Predef: (x: Any): Unit
    print()
    ^^^^^^^
2023.07.24 12:13:23 INFO  compiling project_bd2c96d2de (1 scala source)
2023.07.24 12:13:23 INFO  file:///Users/ravija/Desktop/2nd%20Year%20Semester%20I/Functional%20Programming/Scala/Tutorial%2006/Q01.scala:4:11: stale bloop error: symbol literal 'Enter is no longer supported,
use a string literal "Enter" or an application Symbol("Enter") instead,
or enclose in braces '{Enter} if you want a quoted expression.
For now, you can also `import language.deprecated.symbolLiterals` to accept
the idiom, but this possibility might no longer be available in the future.
    print('Enter t')
          ^
2023.07.24 12:13:24 INFO  file:///Users/ravija/Desktop/2nd%20Year%20Semester%20I/Functional%20Programming/Scala/Tutorial%2006/Q01.scala:4:11: stale bloop error: symbol literal 'Enter is no longer supported,
use a string literal "Enter" or an application Symbol("Enter") instead,
or enclose in braces '{Enter} if you want a quoted expression.
For now, you can also `import language.deprecated.symbolLiterals` to accept
the idiom, but this possibility might no longer be available in the future.
    print('Enter t')
          ^
2023.07.24 12:13:24 INFO  file:///Users/ravija/Desktop/2nd%20Year%20Semester%20I/Functional%20Programming/Scala/Tutorial%2006/Q01.scala:4:19: stale bloop error: unclosed character literal
    print('Enter t')
                  ^
2023.07.24 12:13:24 INFO  file:///Users/ravija/Desktop/2nd%20Year%20Semester%20I/Functional%20Programming/Scala/Tutorial%2006/Q01.scala:4:11: stale bloop error: symbol literal 'Enter is no longer supported,
use a string literal "Enter" or an application Symbol("Enter") instead,
or enclose in braces '{Enter} if you want a quoted expression.
For now, you can also `import language.deprecated.symbolLiterals` to accept
the idiom, but this possibility might no longer be available in the future.
    print('Enter t')
          ^
2023.07.24 12:13:24 INFO  file:///Users/ravija/Desktop/2nd%20Year%20Semester%20I/Functional%20Programming/Scala/Tutorial%2006/Q01.scala:4:19: stale bloop error: unclosed character literal
    print('Enter t')
                  ^
2023.07.24 12:13:24 INFO  time: compiled project_bd2c96d2de in 1.24s
2023.07.24 12:13:24 INFO  compiling project_bd2c96d2de (1 scala source)
2023.07.24 12:13:24 INFO  file:///Users/ravija/Desktop/2nd%20Year%20Semester%20I/Functional%20Programming/Scala/Tutorial%2006/Q01.scala:4:11: stale bloop error: symbol literal 'Enter is no longer supported,
use a string literal "Enter" or an application Symbol("Enter") instead,
or enclose in braces '{Enter} if you want a quoted expression.
For now, you can also `import language.deprecated.symbolLiterals` to accept
the idiom, but this possibility might no longer be available in the future.
    print('Enter ')
          ^
2023.07.24 12:13:24 INFO  file:///Users/ravija/Desktop/2nd%20Year%20Semester%20I/Functional%20Programming/Scala/Tutorial%2006/Q01.scala:4:11: stale bloop error: symbol literal 'Enter is no longer supported,
use a string literal "Enter" or an application Symbol("Enter") instead,
or enclose in braces '{Enter} if you want a quoted expression.
For now, you can also `import language.deprecated.symbolLiterals` to accept
the idiom, but this possibility might no longer be available in the future.
    print('Enter ')
          ^
2023.07.24 12:13:24 INFO  file:///Users/ravija/Desktop/2nd%20Year%20Semester%20I/Functional%20Programming/Scala/Tutorial%2006/Q01.scala:4:18: stale bloop error: unclosed character literal
    print('Enter ')
                 ^
2023.07.24 12:13:24 INFO  time: compiled project_bd2c96d2de in 0.16s
2023.07.24 12:13:25 INFO  file:///Users/ravija/Desktop/2nd%20Year%20Semester%20I/Functional%20Programming/Scala/Tutorial%2006/Q01.scala:4:11: stale bloop error: symbol literal 'Enter is no longer supported,
use a string literal "Enter" or an application Symbol("Enter") instead,
or enclose in braces '{Enter} if you want a quoted expression.
For now, you can also `import language.deprecated.symbolLiterals` to accept
the idiom, but this possibility might no longer be available in the future.
    print('Enter ')
          ^
2023.07.24 12:13:25 INFO  file:///Users/ravija/Desktop/2nd%20Year%20Semester%20I/Functional%20Programming/Scala/Tutorial%2006/Q01.scala:4:18: stale bloop error: unclosed character literal
    print('Enter ')
                 ^
2023.07.24 12:13:25 INFO  file:///Users/ravija/Desktop/2nd%20Year%20Semester%20I/Functional%20Programming/Scala/Tutorial%2006/Q01.scala:4:11: stale bloop error: symbol literal 'Enter is no longer supported,
use a string literal "Enter" or an application Symbol("Enter") instead,
or enclose in braces '{Enter} if you want a quoted expression.
For now, you can also `import language.deprecated.symbolLiterals` to accept
the idiom, but this possibility might no longer be available in the future.
    print('Enter ')
          ^
2023.07.24 12:13:25 INFO  file:///Users/ravija/Desktop/2nd%20Year%20Semester%20I/Functional%20Programming/Scala/Tutorial%2006/Q01.scala:4:18: stale bloop error: unclosed character literal
    print('Enter ')
                 ^
2023.07.24 12:13:25 INFO  file:///Users/ravija/Desktop/2nd%20Year%20Semester%20I/Functional%20Programming/Scala/Tutorial%2006/Q01.scala:4:11: stale bloop error: symbol literal 'Enter is no longer supported,
use a string literal "Enter" or an application Symbol("Enter") instead,
or enclose in braces '{Enter} if you want a quoted expression.
For now, you can also `import language.deprecated.symbolLiterals` to accept
the idiom, but this possibility might no longer be available in the future.
    print('Enter ')
          ^
2023.07.24 12:13:25 INFO  file:///Users/ravija/Desktop/2nd%20Year%20Semester%20I/Functional%20Programming/Scala/Tutorial%2006/Q01.scala:4:18: stale bloop error: unclosed character literal
    print('Enter ')
                 ^
2023.07.24 12:13:26 INFO  file:///Users/ravija/Desktop/2nd%20Year%20Semester%20I/Functional%20Programming/Scala/Tutorial%2006/Q01.scala:4:11: stale bloop error: symbol literal 'Enter is no longer supported,
use a string literal "Enter" or an application Symbol("Enter") instead,
or enclose in braces '{Enter} if you want a quoted expression.
For now, you can also `import language.deprecated.symbolLiterals` to accept
the idiom, but this possibility might no longer be available in the future.
    print('Enter ')
          ^
2023.07.24 12:13:26 INFO  file:///Users/ravija/Desktop/2nd%20Year%20Semester%20I/Functional%20Programming/Scala/Tutorial%2006/Q01.scala:4:18: stale bloop error: unclosed character literal
    print('Enter ')
                 ^
2023.07.24 12:13:26 INFO  file:///Users/ravija/Desktop/2nd%20Year%20Semester%20I/Functional%20Programming/Scala/Tutorial%2006/Q01.scala:4:11: stale bloop error: symbol literal 'Enter is no longer supported,
use a string literal "Enter" or an application Symbol("Enter") instead,
or enclose in braces '{Enter} if you want a quoted expression.
For now, you can also `import language.deprecated.symbolLiterals` to accept
the idiom, but this possibility might no longer be available in the future.
    print('Enter ')
          ^
2023.07.24 12:13:26 INFO  file:///Users/ravija/Desktop/2nd%20Year%20Semester%20I/Functional%20Programming/Scala/Tutorial%2006/Q01.scala:4:18: stale bloop error: unclosed character literal
    print('Enter ')
                 ^
2023.07.24 12:13:26 INFO  file:///Users/ravija/Desktop/2nd%20Year%20Semester%20I/Functional%20Programming/Scala/Tutorial%2006/Q01.scala:4:11: stale bloop error: symbol literal 'Enter is no longer supported,
use a string literal "Enter" or an application Symbol("Enter") instead,
or enclose in braces '{Enter} if you want a quoted expression.
For now, you can also `import language.deprecated.symbolLiterals` to accept
the idiom, but this possibility might no longer be available in the future.
    print('Enter ')
          ^
2023.07.24 12:13:26 INFO  file:///Users/ravija/Desktop/2nd%20Year%20Semester%20I/Functional%20Programming/Scala/Tutorial%2006/Q01.scala:4:18: stale bloop error: unclosed character literal
    print('Enter ')
                 ^
2023.07.24 12:13:27 INFO  file:///Users/ravija/Desktop/2nd%20Year%20Semester%20I/Functional%20Programming/Scala/Tutorial%2006/Q01.scala:4:11: stale bloop error: symbol literal 'Enter is no longer supported,
use a string literal "Enter" or an application Symbol("Enter") instead,
or enclose in braces '{Enter} if you want a quoted expression.
For now, you can also `import language.deprecated.symbolLiterals` to accept
the idiom, but this possibility might no longer be available in the future.
    print('Enter ')
          ^
2023.07.24 12:13:27 INFO  file:///Users/ravija/Desktop/2nd%20Year%20Semester%20I/Functional%20Programming/Scala/Tutorial%2006/Q01.scala:4:18: stale bloop error: unclosed character literal
    print('Enter ')
                 ^
2023.07.24 12:13:26 INFO  file:///Users/ravija/Desktop/2nd%20Year%20Semester%20I/Functional%20Programming/Scala/Tutorial%2006/Q01.scala:4:11: stale bloop error: symbol literal 'Enter is no longer supported,
use a string literal "Enter" or an application Symbol("Enter") instead,
or enclose in braces '{Enter} if you want a quoted expression.
For now, you can also `import language.deprecated.symbolLiterals` to accept
the idiom, but this possibility might no longer be available in the future.
    print('Enter ')
          ^
2023.07.24 12:13:26 INFO  file:///Users/ravija/Desktop/2nd%20Year%20Semester%20I/Functional%20Programming/Scala/Tutorial%2006/Q01.scala:4:18: stale bloop error: unclosed character literal
    print('Enter ')
                 ^
2023.07.24 12:13:27 INFO  file:///Users/ravija/Desktop/2nd%20Year%20Semester%20I/Functional%20Programming/Scala/Tutorial%2006/Q01.scala:4:11: stale bloop error: symbol literal 'Enter is no longer supported,
use a string literal "Enter" or an application Symbol("Enter") instead,
or enclose in braces '{Enter} if you want a quoted expression.
For now, you can also `import language.deprecated.symbolLiterals` to accept
the idiom, but this possibility might no longer be available in the future.
    print('Enter ')
          ^
2023.07.24 12:13:27 INFO  file:///Users/ravija/Desktop/2nd%20Year%20Semester%20I/Functional%20Programming/Scala/Tutorial%2006/Q01.scala:4:18: stale bloop error: unclosed character literal
    print('Enter ')
                 ^
2023.07.24 12:13:28 INFO  compiling project_bd2c96d2de (1 scala source)
2023.07.24 12:13:28 INFO  time: compiled project_bd2c96d2de in 0.73s
2023.07.24 12:13:35 INFO  compiling project_bd2c96d2de (1 scala source)
2023.07.24 12:13:35 INFO  time: compiled project_bd2c96d2de in 0.63s
2023.07.24 12:13:38 INFO  compiling project_bd2c96d2de (1 scala source)
2023.07.24 12:13:38 INFO  time: compiled project_bd2c96d2de in 0.93s
2023.07.24 12:13:48 INFO  compiling project_bd2c96d2de (1 scala source)
2023.07.24 12:13:48 INFO  time: compiled project_bd2c96d2de in 0.73s
2023.07.24 12:13:53 INFO  compiling project_bd2c96d2de (1 scala source)
2023.07.24 12:13:53 INFO  time: compiled project_bd2c96d2de in 0.71s
2023.07.24 12:13:57 INFO  compiling project_bd2c96d2de (1 scala source)
2023.07.24 12:13:58 INFO  time: compiled project_bd2c96d2de in 1.38s
2023.07.24 12:14:03 INFO  compiling project_bd2c96d2de (1 scala source)
2023.07.24 12:14:05 INFO  time: compiled project_bd2c96d2de in 1.23s
2023.07.24 12:14:06 INFO  compiling project_bd2c96d2de (1 scala source)
2023.07.24 12:14:06 INFO  time: compiled project_bd2c96d2de in 0.35s
2023.07.24 12:14:08 INFO  compiling project_bd2c96d2de (1 scala source)
2023.07.24 12:14:08 INFO  time: compiled project_bd2c96d2de in 0.7s
2023.07.24 12:14:10 INFO  compiling project_bd2c96d2de (1 scala source)
2023.07.24 12:14:10 INFO  time: compiled project_bd2c96d2de in 0.13s
2023.07.24 12:14:13 INFO  compiling project_bd2c96d2de (1 scala source)
2023.07.24 12:14:13 INFO  time: compiled project_bd2c96d2de in 0.74s
2023.07.24 12:14:15 INFO  compiling project_bd2c96d2de (1 scala source)
2023.07.24 12:14:15 INFO  time: compiled project_bd2c96d2de in 0.1s
2023.07.24 12:14:18 INFO  compiling project_bd2c96d2de (1 scala source)
2023.07.24 12:14:18 INFO  time: compiled project_bd2c96d2de in 0.94s
2023.07.24 12:14:20 INFO  compiling project_bd2c96d2de (1 scala source)
2023.07.24 12:14:20 INFO  time: compiled project_bd2c96d2de in 0.17s
2023.07.24 12:14:22 INFO  compiling project_bd2c96d2de (1 scala source)
2023.07.24 12:14:22 INFO  time: compiled project_bd2c96d2de in 75ms
2023.07.24 12:14:33 INFO  compiling project_bd2c96d2de (1 scala source)
2023.07.24 12:14:34 INFO  time: compiled project_bd2c96d2de in 1.11s
2023.07.24 12:14:37 INFO  compiling project_bd2c96d2de (1 scala source)
2023.07.24 12:14:37 INFO  time: compiled project_bd2c96d2de in 0.7s
2023.07.24 12:14:39 INFO  compiling project_bd2c96d2de (1 scala source)
2023.07.24 12:14:39 INFO  time: compiled project_bd2c96d2de in 0.74s
2023.07.24 12:14:47 INFO  compiling project_bd2c96d2de (1 scala source)
2023.07.24 12:14:47 INFO  time: compiled project_bd2c96d2de in 0.87s
2023.07.24 12:14:51 INFO  compiling project_bd2c96d2de (1 scala source)
2023.07.24 12:14:51 INFO  time: compiled project_bd2c96d2de in 0.78s
2023.07.24 12:14:54 INFO  compiling project_bd2c96d2de (1 scala source)
2023.07.24 12:14:54 INFO  time: compiled project_bd2c96d2de in 0.12s
2023.07.24 12:14:58 INFO  compiling project_bd2c96d2de (1 scala source)
2023.07.24 12:15:00 INFO  time: compiled project_bd2c96d2de in 1.49s
2023.07.24 12:15:02 INFO  compiling project_bd2c96d2de (1 scala source)
2023.07.24 12:15:02 INFO  time: compiled project_bd2c96d2de in 0.81s
2023.07.24 12:15:04 INFO  compiling project_bd2c96d2de (1 scala source)
2023.07.24 12:15:06 INFO  time: compiled project_bd2c96d2de in 1.35s
2023.07.24 12:15:09 INFO  compiling project_bd2c96d2de (1 scala source)
2023.07.24 12:15:09 INFO  time: compiled project_bd2c96d2de in 0.75s
2023.07.24 12:15:15 INFO  compiling project_bd2c96d2de (1 scala source)
2023.07.24 12:15:17 INFO  time: compiled project_bd2c96d2de in 1.25s
2023.07.24 12:15:33 INFO  compiling project_bd2c96d2de (1 scala source)
2023.07.24 12:15:33 INFO  time: compiled project_bd2c96d2de in 0.83s
2023.07.24 12:15:34 INFO  compiling project_bd2c96d2de (1 scala source)
2023.07.24 12:15:34 INFO  time: compiled project_bd2c96d2de in 95ms
2023.07.24 12:15:40 INFO  compiling project_bd2c96d2de (1 scala source)
2023.07.24 12:15:40 INFO  time: compiled project_bd2c96d2de in 0.77s
2023.07.24 12:15:50 INFO  compiling project_bd2c96d2de (1 scala source)
2023.07.24 12:15:50 INFO  time: compiled project_bd2c96d2de in 0.8s
2023.07.24 12:15:52 INFO  compiling project_bd2c96d2de (1 scala source)
2023.07.24 12:15:54 INFO  time: compiled project_bd2c96d2de in 2.08s
2023.07.24 12:19:30 INFO  compiling project_bd2c96d2de (1 scala source)
2023.07.24 12:19:31 INFO  time: compiled project_bd2c96d2de in 1.38s
2023.07.24 12:19:34 INFO  compiling project_bd2c96d2de (1 scala source)
2023.07.24 12:19:35 INFO  time: compiled project_bd2c96d2de in 1.28s
2023.07.24 12:19:36 INFO  compiling project_bd2c96d2de (1 scala source)
2023.07.24 12:19:36 INFO  time: compiled project_bd2c96d2de in 0.47s
2023.07.24 12:19:38 INFO  compiling project_bd2c96d2de (1 scala source)
2023.07.24 12:19:40 INFO  time: compiled project_bd2c96d2de in 1.32s
2023.07.24 12:19:47 INFO  compiling project_bd2c96d2de (1 scala source)
2023.07.24 12:19:48 INFO  time: compiled project_bd2c96d2de in 1.28s
2023.07.24 12:19:49 INFO  compiling project_bd2c96d2de (1 scala source)
2023.07.24 12:19:51 INFO  time: compiled project_bd2c96d2de in 1.43s
2023.07.24 12:19:57 INFO  compiling project_bd2c96d2de (1 scala source)
2023.07.24 12:19:59 INFO  time: compiled project_bd2c96d2de in 1.18s
2023.07.24 12:20:14 INFO  compiling project_bd2c96d2de (1 scala source)
2023.07.24 12:20:16 INFO  time: compiled project_bd2c96d2de in 2.06s
2023.07.24 12:20:16 INFO  compiling project_bd2c96d2de (1 scala source)
2023.07.24 12:20:17 INFO  time: compiled project_bd2c96d2de in 0.77s
2023.07.24 12:21:09 INFO  compiling project_bd2c96d2de (1 scala source)
2023.07.24 12:21:11 INFO  time: compiled project_bd2c96d2de in 1.21s
2023.07.24 12:21:11 INFO  compiling project_bd2c96d2de (1 scala source)
2023.07.24 12:21:12 INFO  time: compiled project_bd2c96d2de in 0.35s
2023.07.24 12:21:14 INFO  compiling project_bd2c96d2de (1 scala source)
2023.07.24 12:21:15 INFO  time: compiled project_bd2c96d2de in 1.1s
2023.07.24 12:21:15 INFO  compiling project_bd2c96d2de (1 scala source)
2023.07.24 12:21:15 INFO  time: compiled project_bd2c96d2de in 0.3s
2023.07.24 12:21:20 INFO  compiling project_bd2c96d2de (1 scala source)
2023.07.24 12:21:21 INFO  time: compiled project_bd2c96d2de in 1.18s
2023.07.24 12:21:26 INFO  compiling project_bd2c96d2de (1 scala source)
2023.07.24 12:21:27 INFO  time: compiled project_bd2c96d2de in 1.33s
2023.07.24 12:21:35 INFO  compiling project_bd2c96d2de (1 scala source)
2023.07.24 12:21:36 INFO  time: compiled project_bd2c96d2de in 1.53s
2023.07.24 12:21:36 INFO  compiling project_bd2c96d2de (1 scala source)
2023.07.24 12:21:36 INFO  time: compiled project_bd2c96d2de in 0.62s
2023.07.24 12:21:43 INFO  compiling project_bd2c96d2de (1 scala source)
2023.07.24 12:21:45 INFO  time: compiled project_bd2c96d2de in 1.7s
2023.07.24 12:21:45 INFO  compiling project_bd2c96d2de (1 scala source)
2023.07.24 12:21:46 INFO  time: compiled project_bd2c96d2de in 0.88s
Jul 24, 2023 12:21:54 PM scala.meta.internal.pc.CompilerAccess handleError
SEVERE: A severe compiler error occurred, full details of the error can be found in the error report /Users/ravija/Desktop/2nd Year Semester I/Functional Programming/Scala/Tutorial 06/.metals/.reports/metals-full/r_compiler-error_1690181514305
2023.07.24 12:21:55 INFO  compiling project_bd2c96d2de (1 scala source)
2023.07.24 12:21:57 INFO  time: compiled project_bd2c96d2de in 1.42s
2023.07.24 12:21:58 INFO  compiling project_bd2c96d2de (1 scala source)
2023.07.24 12:21:58 INFO  time: compiled project_bd2c96d2de in 0.46s
2023.07.24 12:22:00 INFO  compiling project_bd2c96d2de (1 scala source)
2023.07.24 12:22:01 INFO  time: compiled project_bd2c96d2de in 1.36s
2023.07.24 12:22:05 INFO  compiling project_bd2c96d2de (1 scala source)
2023.07.24 12:22:06 INFO  time: compiled project_bd2c96d2de in 1.29s
2023.07.24 12:22:07 INFO  compiling project_bd2c96d2de (1 scala source)
2023.07.24 12:22:07 INFO  time: compiled project_bd2c96d2de in 0.52s
2023.07.24 12:22:15 INFO  compiling project_bd2c96d2de (1 scala source)
2023.07.24 12:22:17 INFO  time: compiled project_bd2c96d2de in 1.85s
2023.07.24 12:22:23 INFO  compiling project_bd2c96d2de (1 scala source)
2023.07.24 12:22:24 INFO  time: compiled project_bd2c96d2de in 1.26s
2023.07.24 12:22:27 INFO  compiling project_bd2c96d2de (1 scala source)
2023.07.24 12:22:28 INFO  time: compiled project_bd2c96d2de in 1.19s
2023.07.24 12:22:31 INFO  compiling project_bd2c96d2de (1 scala source)
2023.07.24 12:22:32 INFO  time: compiled project_bd2c96d2de in 1.15s
2023.07.24 12:22:36 INFO  compiling project_bd2c96d2de (1 scala source)
2023.07.24 12:22:37 INFO  time: compiled project_bd2c96d2de in 1.25s
2023.07.24 12:22:55 INFO  compiling project_bd2c96d2de (1 scala source)
2023.07.24 12:22:56 INFO  time: compiled project_bd2c96d2de in 1.34s
2023.07.24 12:23:06 INFO  compiling project_bd2c96d2de (1 scala source)
2023.07.24 12:23:08 INFO  time: compiled project_bd2c96d2de in 2.02s
2023.07.24 12:23:08 INFO  compiling project_bd2c96d2de (1 scala source)
2023.07.24 12:23:09 INFO  time: compiled project_bd2c96d2de in 0.66s
2023.07.24 12:23:19 INFO  compiling project_bd2c96d2de (1 scala source)
2023.07.24 12:23:20 INFO  time: compiled project_bd2c96d2de in 1.11s
2023.07.25 00:17:26 INFO  compiling project_bd2c96d2de (1 scala source)
2023.07.25 00:17:28 INFO  time: compiled project_bd2c96d2de in 1.83s
2023.07.25 00:17:28 INFO  compiling project_bd2c96d2de (1 scala source)
2023.07.25 00:17:28 INFO  time: compiled project_bd2c96d2de in 0.49s
2023.07.25 00:17:29 INFO  compiling project_bd2c96d2de (1 scala source)
2023.07.25 00:17:29 INFO  time: compiled project_bd2c96d2de in 0.35s
Jul 25, 2023 12:17:34 AM org.eclipse.lsp4j.jsonrpc.RemoteEndpoint handleCancellation
WARNING: Unmatched cancel notification for request id 1538
2023.07.25 00:17:35 INFO  compiling project_bd2c96d2de (1 scala source)
2023.07.25 00:17:36 INFO  time: compiled project_bd2c96d2de in 1.24s
2023.07.25 00:17:54 INFO  compiling project_bd2c96d2de (1 scala source)
2023.07.25 00:17:56 INFO  time: compiled project_bd2c96d2de in 1.4s
2023.07.25 00:18:05 INFO  compiling project_bd2c96d2de (1 scala source)
2023.07.25 00:18:06 INFO  time: compiled project_bd2c96d2de in 1.1s
2023.07.25 00:18:11 INFO  compiling project_bd2c96d2de (1 scala source)
2023.07.25 00:18:12 INFO  time: compiled project_bd2c96d2de in 1.02s
2023.07.25 00:18:14 INFO  compiling project_bd2c96d2de (1 scala source)
2023.07.25 00:18:15 INFO  time: compiled project_bd2c96d2de in 1.11s
2023.07.25 00:18:15 INFO  compiling project_bd2c96d2de (1 scala source)
2023.07.25 00:18:15 INFO  time: compiled project_bd2c96d2de in 0.18s
2023.07.25 00:18:18 INFO  compiling project_bd2c96d2de (1 scala source)
2023.07.25 00:18:18 INFO  time: compiled project_bd2c96d2de in 0.13s
2023.07.25 00:18:26 INFO  compiling project_bd2c96d2de (1 scala source)
2023.07.25 00:18:27 INFO  time: compiled project_bd2c96d2de in 1.03s
2023.07.25 00:18:37 INFO  compiling project_bd2c96d2de (1 scala source)
2023.07.25 00:18:40 INFO  time: compiled project_bd2c96d2de in 3.02s
2023.07.25 00:18:56 INFO  compiling project_bd2c96d2de (1 scala source)
2023.07.25 00:18:57 INFO  time: compiled project_bd2c96d2de in 1.59s
2023.07.25 00:20:30 INFO  compiling project_bd2c96d2de (1 scala source)
2023.07.25 00:20:31 INFO  time: compiled project_bd2c96d2de in 1.63s
2023.07.25 00:20:32 WARN  Could not load snapshot text for /Users/ravija/Desktop/2nd Year Semester I/Functional Programming/Scala/Tutorial 06/Q01.scala
2023.07.25 00:20:44 WARN  Could not load snapshot text for /Users/ravija/Desktop/2nd Year Semester I/Functional Programming/Scala/Tutorial 06/Q01.scala
2023.07.25 00:20:45 INFO  compiling project_bd2c96d2de (1 scala source)
2023.07.25 00:20:47 INFO  time: compiled project_bd2c96d2de in 1.56s
2023.07.25 00:20:51 INFO  compiling project_bd2c96d2de (1 scala source)
2023.07.25 00:20:52 INFO  time: compiled project_bd2c96d2de in 1.81s
2023.07.25 00:20:52 INFO  compiling project_bd2c96d2de (1 scala source)
2023.07.25 00:20:53 WARN  Could not load snapshot text for /Users/ravija/Desktop/2nd Year Semester I/Functional Programming/Scala/Tutorial 06/Q01.scala
2023.07.25 00:20:52 INFO  time: compiled project_bd2c96d2de in 0.53s
2023.07.25 00:20:58 INFO  compiling project_bd2c96d2de (1 scala source)
2023.07.25 00:21:00 INFO  time: compiled project_bd2c96d2de in 2.14s
2023.07.25 00:21:00 INFO  compiling project_bd2c96d2de (1 scala source)
2023.07.25 00:21:01 WARN  Could not load snapshot text for /Users/ravija/Desktop/2nd Year Semester I/Functional Programming/Scala/Tutorial 06/Q01.scala
2023.07.25 00:21:00 INFO  time: compiled project_bd2c96d2de in 0.57s
2023.07.25 00:21:03 INFO  compiling project_bd2c96d2de (1 scala source)
2023.07.25 00:21:03 INFO  time: compiled project_bd2c96d2de in 0.67s
2023.07.25 00:21:05 INFO  compiling project_bd2c96d2de (1 scala source)
2023.07.25 00:21:07 INFO  time: compiled project_bd2c96d2de in 1.46s
2023.07.25 00:21:11 INFO  compiling project_bd2c96d2de (1 scala source)
2023.07.25 00:21:13 INFO  time: compiled project_bd2c96d2de in 1.79s
2023.07.25 00:21:48 INFO  compiling project_bd2c96d2de (1 scala source)
2023.07.25 00:21:50 INFO  time: compiled project_bd2c96d2de in 2.09s
2023.07.25 00:21:50 WARN  Could not load snapshot text for /Users/ravija/Desktop/2nd Year Semester I/Functional Programming/Scala/Tutorial 06/Q01.scala
2023.07.25 00:22:30 WARN  Could not load snapshot text for /Users/ravija/Desktop/2nd Year Semester I/Functional Programming/Scala/Tutorial 06/Q01.scala
2023.07.25 00:22:32 INFO  compiling project_bd2c96d2de (1 scala source)
2023.07.25 00:22:34 INFO  time: compiled project_bd2c96d2de in 1.71s
2023.07.25 00:23:39 INFO  compiling project_bd2c96d2de (1 scala source)
2023.07.25 00:23:41 INFO  time: compiled project_bd2c96d2de in 1.2s
Jul 25, 2023 12:24:24 AM org.eclipse.lsp4j.jsonrpc.services.GenericEndpoint notify
INFO: Unsupported notification method: $/setTrace
Jul 25, 2023 12:26:19 AM org.eclipse.lsp4j.jsonrpc.RemoteEndpoint handleNotification
WARNING: Notification threw an exception: {
  "jsonrpc": "2.0",
  "method": "metals/didFocusTextDocument",
  "params": [
    "git:/Users/ravija/Desktop/2nd%20Year%20Semester%20I/Functional%20Programming/Scala/Tutorial%2006/Q01.scala?%7B%22path%22%3A%22%2FUsers%2Fravija%2FDesktop%2F2nd%20Year%20Semester%20I%2FFunctional%20Programming%2FScala%2FTutorial%2006%2FQ01.scala%22%2C%22ref%22%3A%22%22%7D"
  ]
}
java.lang.RuntimeException: java.lang.reflect.InvocationTargetException
	at org.eclipse.lsp4j.jsonrpc.services.GenericEndpoint.lambda$null$0(GenericEndpoint.java:67)
	at org.eclipse.lsp4j.jsonrpc.services.GenericEndpoint.notify(GenericEndpoint.java:152)
	at org.eclipse.lsp4j.jsonrpc.RemoteEndpoint.handleNotification(RemoteEndpoint.java:220)
	at org.eclipse.lsp4j.jsonrpc.RemoteEndpoint.consume(RemoteEndpoint.java:187)
	at org.eclipse.lsp4j.jsonrpc.json.StreamMessageProducer.handleMessage(StreamMessageProducer.java:194)
	at org.eclipse.lsp4j.jsonrpc.json.StreamMessageProducer.listen(StreamMessageProducer.java:94)
	at org.eclipse.lsp4j.jsonrpc.json.ConcurrentMessageProcessor.run(ConcurrentMessageProcessor.java:113)
	at java.base/java.util.concurrent.Executors$RunnableAdapter.call(Executors.java:539)
	at java.base/java.util.concurrent.FutureTask.run(FutureTask.java:264)
	at java.base/java.util.concurrent.ThreadPoolExecutor.runWorker(ThreadPoolExecutor.java:1136)
	at java.base/java.util.concurrent.ThreadPoolExecutor$Worker.run(ThreadPoolExecutor.java:635)
	at java.base/java.lang.Thread.run(Thread.java:833)
Caused by: java.lang.reflect.InvocationTargetException
	at java.base/jdk.internal.reflect.NativeMethodAccessorImpl.invoke0(Native Method)
	at java.base/jdk.internal.reflect.NativeMethodAccessorImpl.invoke(NativeMethodAccessorImpl.java:77)
	at java.base/jdk.internal.reflect.DelegatingMethodAccessorImpl.invoke(DelegatingMethodAccessorImpl.java:43)
	at java.base/java.lang.reflect.Method.invoke(Method.java:568)
	at org.eclipse.lsp4j.jsonrpc.services.GenericEndpoint.lambda$null$0(GenericEndpoint.java:65)
	... 11 more
Caused by: java.nio.file.FileSystemNotFoundException: Provider "git" not installed
	at java.base/java.nio.file.Path.of(Path.java:212)
	at java.base/java.nio.file.Paths.get(Paths.java:98)
	at scala.meta.internal.mtags.MtagsEnrichments$XtensionURIMtags.toAbsolutePath(MtagsEnrichments.scala:131)
	at scala.meta.internal.mtags.MtagsEnrichments$XtensionStringMtags.toAbsolutePath(MtagsEnrichments.scala:184)
	at scala.meta.internal.metals.MetalsEnrichments$XtensionString.toAbsolutePath(MetalsEnrichments.scala:631)
	at scala.meta.internal.metals.MetalsEnrichments$XtensionString.toAbsolutePath(MetalsEnrichments.scala:628)
	at scala.meta.internal.metals.WorkspaceLspService.didFocus(WorkspaceLspService.scala:604)
	at scala.meta.metals.lsp.DelegatingScalaService.didFocus(DelegatingScalaService.scala:43)
	... 16 more

2023.07.25 00:27:00 INFO  Shutting down server
2023.07.25 00:27:00 INFO  shutting down Metals
2023.07.25 00:27:01 INFO  Shut down connection with build server.
2023.07.25 00:27:00 INFO  Exiting server
2023.07.25 00:29:35 INFO  Started: Metals version 1.0.0 in folders '/Users/ravija/Desktop/2nd Year Semester I/Functional Programming/Scala/Tutorial 06' for client Visual Studio Code 1.80.1.
Jul 25, 2023 12:29:36 AM org.flywaydb.core.internal.license.VersionPrinter printVersionOnly
INFO: Flyway Community Edition 9.20.1 by Redgate
Jul 25, 2023 12:29:36 AM org.flywaydb.core.internal.license.VersionPrinter printVersion
INFO: See release notes here: https://rd.gt/416ObMi
Jul 25, 2023 12:29:36 AM org.flywaydb.core.internal.license.VersionPrinter printVersion
INFO: 
Jul 25, 2023 12:29:36 AM org.flywaydb.core.internal.database.base.BaseDatabaseType createDatabase
INFO: Database: jdbc:h2:file:/Users/ravija/Desktop/2nd Year Semester I/Functional Programming/Scala/Tutorial 06/.metals/metals (H2 2.1)
Jul 25, 2023 12:29:36 AM org.flywaydb.core.internal.command.DbValidate validate
INFO: Successfully validated 4 migrations (execution time 00:00.022s)
Jul 25, 2023 12:29:36 AM org.flywaydb.core.internal.command.DbMigrate migrateGroup
INFO: Current version of schema "PUBLIC": 4
Jul 25, 2023 12:29:36 AM org.flywaydb.core.internal.command.DbMigrate logSummary
INFO: Schema "PUBLIC" is up to date. No migration necessary.
2023.07.25 00:29:36 INFO  time: initialize in 0.74s
2023.07.25 00:29:42 INFO  Attempting to connect to the build server...
2023.07.25 00:29:42 WARN  No build session currently active to reload.
2023.07.25 00:29:42 INFO  Running BSP server List(/Users/ravija/Library/Application Support/Coursier/bin/.scala-cli.aux, bsp, --json-options, /Users/ravija/Desktop/2nd Year Semester I/Functional Programming/Scala/Tutorial 06/.scala-build/ide-options-v2.json, /Users/ravija/Desktop/2nd Year Semester I/Functional Programming/Scala/Tutorial 06)
2023.07.25 00:29:42 INFO  tracing is disabled for protocol BSP, to enable tracing of incoming and outgoing JSON messages create an empty file at /Users/ravija/Desktop/2nd Year Semester I/Functional Programming/Scala/Tutorial 06/.metals/bsp.trace.json or /Users/ravija/Library/Caches/org.scalameta.metals/bsp.trace.json
2023.07.25 00:29:44 INFO  time: Connected to build server in 1.91s
2023.07.25 00:29:44 INFO  Connected to Build server: scala-cli v1.0.1
2023.07.25 00:29:49 INFO  no build target found for /Users/ravija/Desktop/2nd Year Semester I/Functional Programming/Scala/Tutorial 06/Q01.scala. Using presentation compiler with project's scala-library version: 3.3.0
2023.07.25 00:29:49 INFO  time: code lens generation in 7.59s
2023.07.25 00:29:49 INFO  time: Imported build in 0.33s
2023.07.25 00:29:54 INFO  time: indexed workspace in 4.99s
